Using pre-set license
Built from '2020.3/staging' branch; Version is '2020.3.6f1 (338bb68529b2) revision 3378102'; Using compiler version '192528614'; Build Type 'Release'
OS: 'Windows 10 Pro; OS build 19041.1415; Version 2004; 64bit' Language: 'en' Physical Memory: 32682 MB
BatchMode: 1, IsHumanControllingUs: 0, StartBugReporterOnCrash: 0, Is64bit: 1, IsPro: 0

 COMMAND LINE ARGUMENTS:
C:\Program Files\Unity\Hub\Editor\2020.3.6f1\Editor\Unity.exe
-adb2
-batchMode
-noUpm
-name
AssetImportWorker0
-projectPath
D:/Documents/GitHub/MobileGameDev/MobileGame
-logFile
Logs/AssetImportWorker0.log
-srvPort
50198
Successfully changed project path to: D:/Documents/GitHub/MobileGameDev/MobileGame
D:/Documents/GitHub/MobileGameDev/MobileGame
Using Asset Import Pipeline V2.
Refreshing native plugins compatible for Editor in 30.62 ms, found 0 plugins.
Preloading 0 native plugins for Editor in 0.00 ms.
Initialize engine version: 2020.3.6f1 (338bb68529b2)
[Subsystems] Discovering subsystems at path C:/Program Files/Unity/Hub/Editor/2020.3.6f1/Editor/Data/Resources/UnitySubsystems
[Subsystems] Discovering subsystems at path D:/Documents/GitHub/MobileGameDev/MobileGame/Assets
GfxDevice: creating device client; threaded=0
Direct3D:
    Version:  Direct3D 11.0 [level 11.1]
    Renderer: Radeon RX 570 Series (ID=0x67df)
    Vendor:   
    VRAM:     8171 MB
    Driver:   27.20.1034.6
Initialize mono
Mono path[0] = 'C:/Program Files/Unity/Hub/Editor/2020.3.6f1/Editor/Data/Managed'
Mono path[1] = 'C:/Program Files/Unity/Hub/Editor/2020.3.6f1/Editor/Data/MonoBleedingEdge/lib/mono/unityjit'
Mono config path = 'C:/Program Files/Unity/Hub/Editor/2020.3.6f1/Editor/Data/MonoBleedingEdge/etc'
Using monoOptions --debugger-agent=transport=dt_socket,embedding=1,server=y,suspend=n,address=127.0.0.1:56700
Begin MonoManager ReloadAssembly
Registering precompiled unity dll's ...
Register platform support module: C:/Program Files/Unity/Hub/Editor/2020.3.6f1/Editor/Data/PlaybackEngines/WebGLSupport/UnityEditor.WebGL.Extensions.dll
Register platform support module: C:/Program Files/Unity/Hub/Editor/2020.3.6f1/Editor/Data/PlaybackEngines/MacStandaloneSupport/UnityEditor.OSXStandalone.Extensions.dll
Register platform support module: C:/Program Files/Unity/Hub/Editor/2020.3.6f1/Editor/Data/PlaybackEngines/WindowsStandaloneSupport/UnityEditor.WindowsStandalone.Extensions.dll
Registered in 0.002709 seconds.
Native extension for WindowsStandalone target not found
Native extension for OSXStandalone target not found
Native extension for WebGL target not found
Refreshing native plugins compatible for Editor in 30.23 ms, found 0 plugins.
Preloading 0 native plugins for Editor in 0.00 ms.
Mono: successfully reloaded assembly
- Completed reload, in  2.600 seconds
Platform modules already initialized, skipping
Registering precompiled user dll's ...
Registered in 0.000634 seconds.
Begin MonoManager ReloadAssembly
Native extension for WindowsStandalone target not found
Native extension for OSXStandalone target not found
Native extension for WebGL target not found
Refreshing native plugins compatible for Editor in 31.05 ms, found 0 plugins.
Preloading 0 native plugins for Editor in 0.00 ms.
Mono: successfully reloaded assembly
- Completed reload, in  0.775 seconds
Platform modules already initialized, skipping
========================================================================
Worker process is ready to serve import requests
Launched and connected shader compiler UnityShaderCompiler.exe after 0.05 seconds
Refreshing native plugins compatible for Editor in 0.48 ms, found 0 plugins.
Preloading 0 native plugins for Editor in 0.00 ms.
Unloading 2019 Unused Serialized files (Serialized files now loaded: 0)
System memory in use before: 92.1 MB.
System memory in use after: 92.2 MB.

Unloading 12 unused Assets to reduce memory usage. Loaded Objects now: 2468.
Total: 2.745900 ms (FindLiveObjects: 0.287200 ms CreateObjectMapping: 0.071400 ms MarkObjects: 2.239600 ms  DeleteObjects: 0.146400 ms)

========================================================================
Received Import Request.
  path: Assets/Scenes/TestScene 1.unity
  artifactKey: Guid(6c01a12afaf2b634398cdfd8f9109667) Importer(815301076,1909f56bfc062723c751e8b465ee728b)
Start importing Assets/Scenes/TestScene 1.unity using Guid(6c01a12afaf2b634398cdfd8f9109667) Importer(815301076,1909f56bfc062723c751e8b465ee728b)  -> (artifact id: 'f317f3436d15dc2deefc79b79a96b5e3') in 0.011093 seconds
  Import took 0.014215 seconds .

========================================================================
Received Import Request.
  Time since last request: 6.679422 seconds.
  path: Assets/Scenes/TestScene 2.unity
  artifactKey: Guid(950a0c8daa3885c438de22f02d06f704) Importer(815301076,1909f56bfc062723c751e8b465ee728b)
Start importing Assets/Scenes/TestScene 2.unity using Guid(950a0c8daa3885c438de22f02d06f704) Importer(815301076,1909f56bfc062723c751e8b465ee728b)  -> (artifact id: 'cf8d648b7838fc12d2d3b1a74ce75f37') in 0.003858 seconds
  Import took 0.007186 seconds .

========================================================================
Received Import Request.
  Time since last request: 33.324966 seconds.
  path: Assets/Scenes/ARLevel1.unity
  artifactKey: Guid(6c01a12afaf2b634398cdfd8f9109667) Importer(815301076,1909f56bfc062723c751e8b465ee728b)
Start importing Assets/Scenes/ARLevel1.unity using Guid(6c01a12afaf2b634398cdfd8f9109667) Importer(815301076,1909f56bfc062723c751e8b465ee728b)  -> (artifact id: 'f18eed8b31603a9d0d5483b7f9e77601') in 0.003308 seconds
  Import took 0.006601 seconds .

========================================================================
Received Import Request.
  Time since last request: 34.912499 seconds.
  path: Assets/Scenes/ARTest.unity
  artifactKey: Guid(cc480571ae126f243baf2bfd74965b78) Importer(815301076,1909f56bfc062723c751e8b465ee728b)
Start importing Assets/Scenes/ARTest.unity using Guid(cc480571ae126f243baf2bfd74965b78) Importer(815301076,1909f56bfc062723c751e8b465ee728b)  -> (artifact id: 'a3820f28d7b9f7ba2f49cb61c209fe5b') in 0.003372 seconds
  Import took 0.006785 seconds .

========================================================================
Received Prepare
Registering precompiled user dll's ...
Registered in 0.001254 seconds.
Begin MonoManager ReloadAssembly
Native extension for WindowsStandalone target not found
Native extension for OSXStandalone target not found
Native extension for WebGL target not found
Refreshing native plugins compatible for Editor in 0.47 ms, found 0 plugins.
Preloading 0 native plugins for Editor in 0.00 ms.
Mono: successfully reloaded assembly
- Completed reload, in  0.772 seconds
Platform modules already initialized, skipping
Switching build target platform(5) subTarget(0) extendedPlatform(0) -> platform(13) subTarget(524288) extendedPlatform(0)
Refreshing native plugins compatible for Editor in 0.46 ms, found 0 plugins.
Preloading 0 native plugins for Editor in 0.00 ms.
Unloading 1978 Unused Serialized files (Serialized files now loaded: 0)
System memory in use before: 87.9 MB.
System memory in use after: 88.0 MB.

Unloading 7 unused Assets to reduce memory usage. Loaded Objects now: 2472.
Total: 2.161000 ms (FindLiveObjects: 0.341200 ms CreateObjectMapping: 0.155900 ms MarkObjects: 1.614300 ms  DeleteObjects: 0.048700 ms)

AssetImportParameters requested are different than current active one (requested -> active):
  custom:graphics/normal-map-encoding: 01000000000000000000000000000000 -> 02000000000000000000000000000000
========================================================================
Received Prepare
Registering precompiled user dll's ...
Registered in 0.000774 seconds.
Begin MonoManager ReloadAssembly
Native extension for WindowsStandalone target not found
Native extension for OSXStandalone target not found
Native extension for WebGL target not found
Refreshing native plugins compatible for Editor in 0.48 ms, found 0 plugins.
Preloading 0 native plugins for Editor in 0.00 ms.
Mono: successfully reloaded assembly
- Completed reload, in  0.723 seconds
Platform modules already initialized, skipping
Switching build target platform(5) subTarget(0) extendedPlatform(0) -> platform(13) subTarget(524288) extendedPlatform(0)
Refreshing native plugins compatible for Editor in 0.46 ms, found 0 plugins.
Preloading 0 native plugins for Editor in 0.00 ms.
Unloading 1978 Unused Serialized files (Serialized files now loaded: 0)
System memory in use before: 88.0 MB.
System memory in use after: 88.0 MB.

Unloading 7 unused Assets to reduce memory usage. Loaded Objects now: 2476.
Total: 1.815900 ms (FindLiveObjects: 0.228600 ms CreateObjectMapping: 0.048300 ms MarkObjects: 1.495100 ms  DeleteObjects: 0.043100 ms)

AssetImportParameters requested are different than current active one (requested -> active):
  custom:graphics/normal-map-encoding: 01000000000000000000000000000000 -> 02000000000000000000000000000000
========================================================================
Received Import Request.
  Time since last request: 628.416735 seconds.
  path: Assets/Prefabs/Levels
  artifactKey: Guid(bf16f7be13929c649b3882fe0fa4583f) Importer(815301076,1909f56bfc062723c751e8b465ee728b)
Start importing Assets/Prefabs/Levels using Guid(bf16f7be13929c649b3882fe0fa4583f) Importer(815301076,1909f56bfc062723c751e8b465ee728b)  -> (artifact id: '45db08623c2e2494b658c685a56620cf') in 0.006181 seconds
  Import took 0.009214 seconds .

========================================================================
Received Prepare
Registering precompiled user dll's ...
Registered in 0.001286 seconds.
Begin MonoManager ReloadAssembly
Native extension for WindowsStandalone target not found
Native extension for OSXStandalone target not found
Native extension for WebGL target not found
Refreshing native plugins compatible for Editor in 0.53 ms, found 0 plugins.
Preloading 0 native plugins for Editor in 0.00 ms.
Mono: successfully reloaded assembly
- Completed reload, in  0.777 seconds
Platform modules already initialized, skipping
Switching build target platform(5) subTarget(0) extendedPlatform(0) -> platform(13) subTarget(524288) extendedPlatform(0)
Refreshing native plugins compatible for Editor in 0.46 ms, found 0 plugins.
Preloading 0 native plugins for Editor in 0.00 ms.
Unloading 1978 Unused Serialized files (Serialized files now loaded: 0)
System memory in use before: 88.0 MB.
System memory in use after: 88.1 MB.

Unloading 7 unused Assets to reduce memory usage. Loaded Objects now: 2480.
Total: 1.910600 ms (FindLiveObjects: 0.243300 ms CreateObjectMapping: 0.045000 ms MarkObjects: 1.571700 ms  DeleteObjects: 0.049700 ms)

AssetImportParameters requested are different than current active one (requested -> active):
  custom:graphics/normal-map-encoding: 01000000000000000000000000000000 -> 02000000000000000000000000000000
========================================================================
Received Import Request.
  Time since last request: 136.963500 seconds.
  path: Assets/Prefabs/Levels/Level1.prefab
  artifactKey: Guid(bc555ae06294ea3428db0faf6a7bfaa1) Importer(815301076,1909f56bfc062723c751e8b465ee728b)
Start importing Assets/Prefabs/Levels/Level1.prefab using Guid(bc555ae06294ea3428db0faf6a7bfaa1) Importer(815301076,1909f56bfc062723c751e8b465ee728b)  -> (artifact id: 'c44a7b6e583bfab135b5257c3601d24e') in 0.139396 seconds
  Import took 0.143090 seconds .

========================================================================
Received Prepare
Registering precompiled user dll's ...
Registered in 0.000821 seconds.
Begin MonoManager ReloadAssembly
Native extension for WindowsStandalone target not found
Native extension for OSXStandalone target not found
Native extension for WebGL target not found
Refreshing native plugins compatible for Editor in 0.46 ms, found 0 plugins.
Preloading 0 native plugins for Editor in 0.00 ms.
Mono: successfully reloaded assembly
- Completed reload, in  0.749 seconds
Platform modules already initialized, skipping
Switching build target platform(5) subTarget(0) extendedPlatform(0) -> platform(13) subTarget(524288) extendedPlatform(0)
Refreshing native plugins compatible for Editor in 0.40 ms, found 0 plugins.
Preloading 0 native plugins for Editor in 0.00 ms.
Unloading 1978 Unused Serialized files (Serialized files now loaded: 0)
System memory in use before: 91.1 MB.
System memory in use after: 91.2 MB.

Unloading 10 unused Assets to reduce memory usage. Loaded Objects now: 2492.
Total: 1.946900 ms (FindLiveObjects: 0.231200 ms CreateObjectMapping: 0.053800 ms MarkObjects: 1.551700 ms  DeleteObjects: 0.109400 ms)

AssetImportParameters requested are different than current active one (requested -> active):
  custom:graphics/normal-map-encoding: 01000000000000000000000000000000 -> 02000000000000000000000000000000
========================================================================
Received Import Request.
  Time since last request: 192.116598 seconds.
  path: Assets/Scripts/ARTapToPlaceObject.cs
  artifactKey: Guid(dd53c233dd6906e44b03c86abbadd366) Importer(815301076,1909f56bfc062723c751e8b465ee728b)
Start importing Assets/Scripts/ARTapToPlaceObject.cs using Guid(dd53c233dd6906e44b03c86abbadd366) Importer(815301076,1909f56bfc062723c751e8b465ee728b)  -> (artifact id: '680e5ac81b73f2fbdb3b9e9a79b1cf87') in 0.007408 seconds
  Import took 0.010586 seconds .

========================================================================
Received Prepare
Refreshing native plugins compatible for Editor in 1.00 ms, found 0 plugins.
Preloading 0 native plugins for Editor in 0.00 ms.
Unloading 4 Unused Serialized files (Serialized files now loaded: 0)
System memory in use before: 52.4 MB.
System memory in use after: 52.5 MB.

Unloading 2 unused Assets to reduce memory usage. Loaded Objects now: 2493.
Total: 2.089900 ms (FindLiveObjects: 0.258900 ms CreateObjectMapping: 0.045800 ms MarkObjects: 1.770600 ms  DeleteObjects: 0.013600 ms)

========================================================================
Received Prepare
Refreshing native plugins compatible for Editor in 0.87 ms, found 0 plugins.
Preloading 0 native plugins for Editor in 0.00 ms.
Unloading 3 Unused Serialized files (Serialized files now loaded: 0)
System memory in use before: 52.3 MB.
System memory in use after: 52.4 MB.

Unloading 2 unused Assets to reduce memory usage. Loaded Objects now: 2493.
Total: 2.382000 ms (FindLiveObjects: 0.255400 ms CreateObjectMapping: 0.045900 ms MarkObjects: 2.062800 ms  DeleteObjects: 0.017000 ms)

========================================================================
Received Prepare
Refreshing native plugins compatible for Editor in 0.93 ms, found 0 plugins.
Preloading 0 native plugins for Editor in 0.00 ms.
Unloading 3 Unused Serialized files (Serialized files now loaded: 0)
System memory in use before: 52.3 MB.
System memory in use after: 52.4 MB.

Unloading 2 unused Assets to reduce memory usage. Loaded Objects now: 2493.
Total: 2.430400 ms (FindLiveObjects: 0.247800 ms CreateObjectMapping: 0.045300 ms MarkObjects: 2.123400 ms  DeleteObjects: 0.012800 ms)

========================================================================
Received Prepare
Registering precompiled user dll's ...
Registered in 0.000812 seconds.
Begin MonoManager ReloadAssembly
Native extension for WindowsStandalone target not found
Native extension for OSXStandalone target not found
Native extension for WebGL target not found
Refreshing native plugins compatible for Editor in 0.45 ms, found 0 plugins.
Preloading 0 native plugins for Editor in 0.00 ms.
Mono: successfully reloaded assembly
- Completed reload, in  0.740 seconds
Platform modules already initialized, skipping
Switching build target platform(5) subTarget(0) extendedPlatform(0) -> platform(13) subTarget(524288) extendedPlatform(0)
Refreshing native plugins compatible for Editor in 0.47 ms, found 0 plugins.
Preloading 0 native plugins for Editor in 0.00 ms.
Unloading 1977 Unused Serialized files (Serialized files now loaded: 0)
System memory in use before: 90.8 MB.
System memory in use after: 91.0 MB.

Unloading 6 unused Assets to reduce memory usage. Loaded Objects now: 2497.
Total: 1.863000 ms (FindLiveObjects: 0.215400 ms CreateObjectMapping: 0.046400 ms MarkObjects: 1.589300 ms  DeleteObjects: 0.010900 ms)

AssetImportParameters requested are different than current active one (requested -> active):
  custom:graphics/normal-map-encoding: 01000000000000000000000000000000 -> 02000000000000000000000000000000
========================================================================
Received Import Request.
  Time since last request: 6209.229349 seconds.
  path: Assets/Prefabs/Levels/Level1.prefab
  artifactKey: Guid(bc555ae06294ea3428db0faf6a7bfaa1) Importer(815301076,1909f56bfc062723c751e8b465ee728b)
Start importing Assets/Prefabs/Levels/Level1.prefab using Guid(bc555ae06294ea3428db0faf6a7bfaa1) Importer(815301076,1909f56bfc062723c751e8b465ee728b)  -> (artifact id: 'e68bc4fe5c5c685694f7fa16a603be60') in 0.105142 seconds
  Import took 0.109029 seconds .

========================================================================
Received Import Request.
  Time since last request: 17.356362 seconds.
  path: Assets/Prefabs/Levels/Level1.prefab
  artifactKey: Guid(bc555ae06294ea3428db0faf6a7bfaa1) Importer(815301076,1909f56bfc062723c751e8b465ee728b)
Start importing Assets/Prefabs/Levels/Level1.prefab using Guid(bc555ae06294ea3428db0faf6a7bfaa1) Importer(815301076,1909f56bfc062723c751e8b465ee728b)  -> (artifact id: 'd3853b865a2e40c50505dc08d7a987d0') in 0.026101 seconds
  Import took 0.029826 seconds .

========================================================================
Received Import Request.
  Time since last request: 2.573689 seconds.
  path: Assets/Prefabs/Levels/Level1.prefab
  artifactKey: Guid(bc555ae06294ea3428db0faf6a7bfaa1) Importer(815301076,1909f56bfc062723c751e8b465ee728b)
Start importing Assets/Prefabs/Levels/Level1.prefab using Guid(bc555ae06294ea3428db0faf6a7bfaa1) Importer(815301076,1909f56bfc062723c751e8b465ee728b)  -> (artifact id: 'dd6b6307515d08b14be736770deec8e9') in 0.025995 seconds
  Import took 0.029680 seconds .

========================================================================
Received Import Request.
  Time since last request: 18.936999 seconds.
  path: Assets/Prefabs/Levels/Level1.prefab
  artifactKey: Guid(bc555ae06294ea3428db0faf6a7bfaa1) Importer(815301076,1909f56bfc062723c751e8b465ee728b)
Start importing Assets/Prefabs/Levels/Level1.prefab using Guid(bc555ae06294ea3428db0faf6a7bfaa1) Importer(815301076,1909f56bfc062723c751e8b465ee728b)  -> (artifact id: 'bf59286dfc67431f5bb3e62b2a618d46') in 0.028349 seconds
  Import took 0.032384 seconds .

========================================================================
Received Import Request.
  Time since last request: 11.864469 seconds.
  path: Assets/Prefabs/Levels/Level1.prefab
  artifactKey: Guid(bc555ae06294ea3428db0faf6a7bfaa1) Importer(815301076,1909f56bfc062723c751e8b465ee728b)
Start importing Assets/Prefabs/Levels/Level1.prefab using Guid(bc555ae06294ea3428db0faf6a7bfaa1) Importer(815301076,1909f56bfc062723c751e8b465ee728b)  -> (artifact id: '2b8a74d3d6302679f619354333a48d19') in 0.026356 seconds
  Import took 0.030281 seconds .

========================================================================
Received Import Request.
  Time since last request: 2.997297 seconds.
  path: Assets/Prefabs/Levels/Level1.prefab
  artifactKey: Guid(bc555ae06294ea3428db0faf6a7bfaa1) Importer(815301076,1909f56bfc062723c751e8b465ee728b)
Start importing Assets/Prefabs/Levels/Level1.prefab using Guid(bc555ae06294ea3428db0faf6a7bfaa1) Importer(815301076,1909f56bfc062723c751e8b465ee728b)  -> (artifact id: '2a05fc98a6d9c3e5544db0b48c7216b3') in 0.026038 seconds
  Import took 0.029613 seconds .

========================================================================
Received Import Request.
  Time since last request: 4.619952 seconds.
  path: Assets/Prefabs/Levels/Level1.prefab
  artifactKey: Guid(bc555ae06294ea3428db0faf6a7bfaa1) Importer(815301076,1909f56bfc062723c751e8b465ee728b)
Start importing Assets/Prefabs/Levels/Level1.prefab using Guid(bc555ae06294ea3428db0faf6a7bfaa1) Importer(815301076,1909f56bfc062723c751e8b465ee728b)  -> (artifact id: 'c9ad747e13ce47828b3cbe6a1356433a') in 0.025994 seconds
  Import took 0.029747 seconds .

========================================================================
Received Import Request.
  Time since last request: 6.828249 seconds.
  path: Assets/Prefabs/Levels/Level1.prefab
  artifactKey: Guid(bc555ae06294ea3428db0faf6a7bfaa1) Importer(815301076,1909f56bfc062723c751e8b465ee728b)
Start importing Assets/Prefabs/Levels/Level1.prefab using Guid(bc555ae06294ea3428db0faf6a7bfaa1) Importer(815301076,1909f56bfc062723c751e8b465ee728b)  -> (artifact id: 'd8e896d02ab84ff4a7d0653dd55a8a6b') in 0.028437 seconds
  Import took 0.032266 seconds .

========================================================================
Received Import Request.
  Time since last request: 2.356434 seconds.
  path: Assets/Prefabs/Levels/Level1.prefab
  artifactKey: Guid(bc555ae06294ea3428db0faf6a7bfaa1) Importer(815301076,1909f56bfc062723c751e8b465ee728b)
Start importing Assets/Prefabs/Levels/Level1.prefab using Guid(bc555ae06294ea3428db0faf6a7bfaa1) Importer(815301076,1909f56bfc062723c751e8b465ee728b)  -> (artifact id: 'fd979a39bb593dc271f3890f5c86904b') in 0.025176 seconds
  Import took 0.028764 seconds .

========================================================================
Received Import Request.
  Time since last request: 17.751366 seconds.
  path: Assets/Prefabs/Levels/Level1.prefab
  artifactKey: Guid(bc555ae06294ea3428db0faf6a7bfaa1) Importer(815301076,1909f56bfc062723c751e8b465ee728b)
Start importing Assets/Prefabs/Levels/Level1.prefab using Guid(bc555ae06294ea3428db0faf6a7bfaa1) Importer(815301076,1909f56bfc062723c751e8b465ee728b)  -> (artifact id: '44749a6c0d7f3d156f2d12c541f28d23') in 0.026544 seconds
  Import took 0.030319 seconds .

========================================================================
Received Import Request.
  Time since last request: 1192.013074 seconds.
  path: Assets/Textures/AimArrow.png
  artifactKey: Guid(d938de3eb65db6c48937443ddf286b49) Importer(815301076,1909f56bfc062723c751e8b465ee728b)
Start importing Assets/Textures/AimArrow.png using Guid(d938de3eb65db6c48937443ddf286b49) Importer(815301076,1909f56bfc062723c751e8b465ee728b)  -> (artifact id: 'eb885094212dc17864220d993dd27351') in 0.061765 seconds
  Import took 0.065310 seconds .

========================================================================
Received Import Request.
  Time since last request: 6.938968 seconds.
  path: Assets/Textures/AimArrow.png
  artifactKey: Guid(d938de3eb65db6c48937443ddf286b49) Importer(815301076,1909f56bfc062723c751e8b465ee728b)
Start importing Assets/Textures/AimArrow.png using Guid(d938de3eb65db6c48937443ddf286b49) Importer(815301076,1909f56bfc062723c751e8b465ee728b)  -> (artifact id: '6cbe6c7d11b739a4e78d0c5bba230948') in 0.018528 seconds
  Import took 0.021934 seconds .

========================================================================
Received Import Request.
  Time since last request: 5.260816 seconds.
  path: Assets/Materials/PlacementIndicatorMat.mat
  artifactKey: Guid(dbcb18f02d497ec4eaf5bd60e7f1db67) Importer(815301076,1909f56bfc062723c751e8b465ee728b)
Start importing Assets/Materials/PlacementIndicatorMat.mat using Guid(dbcb18f02d497ec4eaf5bd60e7f1db67) Importer(815301076,1909f56bfc062723c751e8b465ee728b)  -> (artifact id: 'c2bda1aceeeab27978d5a43a71f7ddcf') in 0.071642 seconds
  Import took 0.075273 seconds .

========================================================================
Received Import Request.
  Time since last request: 0.004497 seconds.
  path: Assets/Materials/PlacementIndicatorMat.mat
  artifactKey: Guid(dbcb18f02d497ec4eaf5bd60e7f1db67) Importer(815301076,1909f56bfc062723c751e8b465ee728b)
Start importing Assets/Materials/PlacementIndicatorMat.mat using Guid(dbcb18f02d497ec4eaf5bd60e7f1db67) Importer(815301076,1909f56bfc062723c751e8b465ee728b)  -> (artifact id: 'c2bda1aceeeab27978d5a43a71f7ddcf') in 0.042545 seconds
  Import took 0.046092 seconds .

========================================================================
Received Import Request.
  Time since last request: 17.262814 seconds.
  path: Assets/Materials/AimArrowMat.mat
  artifactKey: Guid(477f01c9788008e4e825ed9eb25f6bda) Importer(815301076,1909f56bfc062723c751e8b465ee728b)
Start importing Assets/Materials/AimArrowMat.mat using Guid(477f01c9788008e4e825ed9eb25f6bda) Importer(815301076,1909f56bfc062723c751e8b465ee728b)  -> (artifact id: '73bb974df371ed28895353a2ef2b4ef5') in 0.010318 seconds
  Import took 0.013995 seconds .

========================================================================
Received Import Request.
  Time since last request: 29.141303 seconds.
  path: Assets/Prefabs/Ball.prefab
  artifactKey: Guid(bb474148f635caf4b853f4294372ecca) Importer(815301076,1909f56bfc062723c751e8b465ee728b)
Start importing Assets/Prefabs/Ball.prefab using Guid(bb474148f635caf4b853f4294372ecca) Importer(815301076,1909f56bfc062723c751e8b465ee728b)  -> (artifact id: '19d64cca1900d60f7825aa7ca5e7940f') in 0.008636 seconds
  Import took 0.011986 seconds .

========================================================================
Received Import Request.
  Time since last request: 7.791274 seconds.
  path: Assets/Prefabs/Ball.prefab
  artifactKey: Guid(bb474148f635caf4b853f4294372ecca) Importer(815301076,1909f56bfc062723c751e8b465ee728b)
Start importing Assets/Prefabs/Ball.prefab using Guid(bb474148f635caf4b853f4294372ecca) Importer(815301076,1909f56bfc062723c751e8b465ee728b)  -> (artifact id: '7a411e158e20ae25cbc36e6dfdf3be42') in 0.011696 seconds
  Import took 0.015282 seconds .

========================================================================
Received Import Request.
  Time since last request: 7.656695 seconds.
  path: Assets/Prefabs/Ball.prefab
  artifactKey: Guid(bb474148f635caf4b853f4294372ecca) Importer(815301076,1909f56bfc062723c751e8b465ee728b)
Start importing Assets/Prefabs/Ball.prefab using Guid(bb474148f635caf4b853f4294372ecca) Importer(815301076,1909f56bfc062723c751e8b465ee728b)  -> (artifact id: '339d90947abc91ec0171f08d256d6072') in 0.009094 seconds
  Import took 0.013168 seconds .

========================================================================
Received Import Request.
  Time since last request: 18.897451 seconds.
  path: Assets/Prefabs/Ball.prefab
  artifactKey: Guid(bb474148f635caf4b853f4294372ecca) Importer(815301076,1909f56bfc062723c751e8b465ee728b)
Start importing Assets/Prefabs/Ball.prefab using Guid(bb474148f635caf4b853f4294372ecca) Importer(815301076,1909f56bfc062723c751e8b465ee728b)  -> (artifact id: 'bc43e6730feaeb4c6e8bbdb6e28814fb') in 0.008245 seconds
  Import took 0.012156 seconds .

========================================================================
Received Import Request.
  Time since last request: 5.855365 seconds.
  path: Assets/Prefabs/Ball.prefab
  artifactKey: Guid(bb474148f635caf4b853f4294372ecca) Importer(815301076,1909f56bfc062723c751e8b465ee728b)
Start importing Assets/Prefabs/Ball.prefab using Guid(bb474148f635caf4b853f4294372ecca) Importer(815301076,1909f56bfc062723c751e8b465ee728b)  -> (artifact id: '59712b2d716fab683c7698e6ec0c6209') in 0.008010 seconds
  Import took 0.011801 seconds .

========================================================================
Received Import Request.
  Time since last request: 8.649099 seconds.
  path: Assets/Prefabs/Ball.prefab
  artifactKey: Guid(bb474148f635caf4b853f4294372ecca) Importer(815301076,1909f56bfc062723c751e8b465ee728b)
Start importing Assets/Prefabs/Ball.prefab using Guid(bb474148f635caf4b853f4294372ecca) Importer(815301076,1909f56bfc062723c751e8b465ee728b)  -> (artifact id: '9284376d985fc6754df26814b78900ac') in 0.008238 seconds
  Import took 0.012258 seconds .

========================================================================
Received Import Request.
  Time since last request: 7.686255 seconds.
  path: Assets/Prefabs/Ball.prefab
  artifactKey: Guid(bb474148f635caf4b853f4294372ecca) Importer(815301076,1909f56bfc062723c751e8b465ee728b)
Start importing Assets/Prefabs/Ball.prefab using Guid(bb474148f635caf4b853f4294372ecca) Importer(815301076,1909f56bfc062723c751e8b465ee728b)  -> (artifact id: 'fa05c739f1cc99846fc457b03a9066ea') in 0.007747 seconds
  Import took 0.011321 seconds .

========================================================================
Received Import Request.
  Time since last request: 4.033093 seconds.
  path: Assets/Prefabs/Ball.prefab
  artifactKey: Guid(bb474148f635caf4b853f4294372ecca) Importer(815301076,1909f56bfc062723c751e8b465ee728b)
Start importing Assets/Prefabs/Ball.prefab using Guid(bb474148f635caf4b853f4294372ecca) Importer(815301076,1909f56bfc062723c751e8b465ee728b)  -> (artifact id: '0589e72f325699d17702385d079952b4') in 0.009011 seconds
  Import took 0.012698 seconds .

========================================================================
Received Import Request.
  Time since last request: 15.712453 seconds.
  path: Assets/Prefabs/Ball.prefab
  artifactKey: Guid(bb474148f635caf4b853f4294372ecca) Importer(815301076,1909f56bfc062723c751e8b465ee728b)
Start importing Assets/Prefabs/Ball.prefab using Guid(bb474148f635caf4b853f4294372ecca) Importer(815301076,1909f56bfc062723c751e8b465ee728b)  -> (artifact id: '4f320f8f895c05f6eb884c4d9046c552') in 0.008391 seconds
  Import took 0.012279 seconds .

========================================================================
Received Import Request.
  Time since last request: 50.240164 seconds.
  path: Assets/Prefabs/Ball.prefab
  artifactKey: Guid(bb474148f635caf4b853f4294372ecca) Importer(815301076,1909f56bfc062723c751e8b465ee728b)
Start importing Assets/Prefabs/Ball.prefab using Guid(bb474148f635caf4b853f4294372ecca) Importer(815301076,1909f56bfc062723c751e8b465ee728b)  -> (artifact id: '4b059ffee23ddbe6628bfa08fe89e50a') in 0.008796 seconds
  Import took 0.012433 seconds .

========================================================================
Received Import Request.
  Time since last request: 9.166579 seconds.
  path: Assets/Prefabs/Ball.prefab
  artifactKey: Guid(bb474148f635caf4b853f4294372ecca) Importer(815301076,1909f56bfc062723c751e8b465ee728b)
Start importing Assets/Prefabs/Ball.prefab using Guid(bb474148f635caf4b853f4294372ecca) Importer(815301076,1909f56bfc062723c751e8b465ee728b)  -> (artifact id: '119e702fe2dee2cfd1345be6f89e35ff') in 0.011907 seconds
  Import took 0.015745 seconds .

========================================================================
Received Import Request.
  Time since last request: 0.564039 seconds.
  path: Assets/Prefabs/Ball.prefab
  artifactKey: Guid(bb474148f635caf4b853f4294372ecca) Importer(815301076,1909f56bfc062723c751e8b465ee728b)
Start importing Assets/Prefabs/Ball.prefab using Guid(bb474148f635caf4b853f4294372ecca) Importer(815301076,1909f56bfc062723c751e8b465ee728b)  -> (artifact id: '88cfb6f0ce7946a1dcc0a40d3c5e0269') in 0.011823 seconds
  Import took 0.015324 seconds .

========================================================================
Received Import Request.
  Time since last request: 4.221732 seconds.
  path: Assets/Prefabs/Ball.prefab
  artifactKey: Guid(bb474148f635caf4b853f4294372ecca) Importer(815301076,1909f56bfc062723c751e8b465ee728b)
Start importing Assets/Prefabs/Ball.prefab using Guid(bb474148f635caf4b853f4294372ecca) Importer(815301076,1909f56bfc062723c751e8b465ee728b)  -> (artifact id: 'cf28758af93c48b94612132bf712e774') in 0.010574 seconds
  Import took 0.014075 seconds .

========================================================================
Received Import Request.
  Time since last request: 2.985294 seconds.
  path: Assets/Prefabs/Ball.prefab
  artifactKey: Guid(bb474148f635caf4b853f4294372ecca) Importer(815301076,1909f56bfc062723c751e8b465ee728b)
Start importing Assets/Prefabs/Ball.prefab using Guid(bb474148f635caf4b853f4294372ecca) Importer(815301076,1909f56bfc062723c751e8b465ee728b)  -> (artifact id: '725f3fa72865366665ccf8f9dd524a5f') in 0.008936 seconds
  Import took 0.012520 seconds .

========================================================================
Received Import Request.
  Time since last request: 1111.871363 seconds.
  path: Assets/Prefabs/Levels/Level1.prefab
  artifactKey: Guid(bc555ae06294ea3428db0faf6a7bfaa1) Importer(815301076,1909f56bfc062723c751e8b465ee728b)
Start importing Assets/Prefabs/Levels/Level1.prefab using Guid(bc555ae06294ea3428db0faf6a7bfaa1) Importer(815301076,1909f56bfc062723c751e8b465ee728b)  -> (artifact id: 'efd6c7fd6befa859e10f2099883fc3db') in 0.027295 seconds
  Import took 0.031204 seconds .

========================================================================
Received Import Request.
  Time since last request: 33.969024 seconds.
  path: Assets/Prefabs/Levels/Level1.prefab
  artifactKey: Guid(bc555ae06294ea3428db0faf6a7bfaa1) Importer(815301076,1909f56bfc062723c751e8b465ee728b)
Start importing Assets/Prefabs/Levels/Level1.prefab using Guid(bc555ae06294ea3428db0faf6a7bfaa1) Importer(815301076,1909f56bfc062723c751e8b465ee728b)  -> (artifact id: 'b2f2d0429e66d516085c829ae288a01f') in 0.026078 seconds
  Import took 0.030269 seconds .

========================================================================
Received Import Request.
  Time since last request: 80.489976 seconds.
  path: Assets/Textures/PowerBarBackground.png
  artifactKey: Guid(010aff595138eba4ab8b0151baf639d7) Importer(815301076,1909f56bfc062723c751e8b465ee728b)
Start importing Assets/Textures/PowerBarBackground.png using Guid(010aff595138eba4ab8b0151baf639d7) Importer(815301076,1909f56bfc062723c751e8b465ee728b)  -> (artifact id: '09004a939aeaf36e8f7725f4b3d80b2f') in 0.018783 seconds
  Import took 0.022240 seconds .

========================================================================
Received Import Request.
  Time since last request: 0.000325 seconds.
  path: Assets/Textures/PowerBarFill.png
  artifactKey: Guid(9b5f1fe15a3bf634593b6c0232e54789) Importer(815301076,1909f56bfc062723c751e8b465ee728b)
Start importing Assets/Textures/PowerBarFill.png using Guid(9b5f1fe15a3bf634593b6c0232e54789) Importer(815301076,1909f56bfc062723c751e8b465ee728b)  -> (artifact id: '5dd83ebda64f21cabcc2d8767618ae4d') in 0.017613 seconds
  Import took 0.020936 seconds .

========================================================================
Received Import Request.
  Time since last request: 129.386739 seconds.
  path: Assets/Textures/PowerBarBackground.png
  artifactKey: Guid(010aff595138eba4ab8b0151baf639d7) Importer(815301076,1909f56bfc062723c751e8b465ee728b)
Start importing Assets/Textures/PowerBarBackground.png using Guid(010aff595138eba4ab8b0151baf639d7) Importer(815301076,1909f56bfc062723c751e8b465ee728b)  -> (artifact id: '295032d81b9583e3891a531356fba756') in 0.026639 seconds
  Import took 0.030361 seconds .

========================================================================
Received Import Request.
  Time since last request: 7.494740 seconds.
  path: Assets/Textures/PowerBarFill.png
  artifactKey: Guid(9b5f1fe15a3bf634593b6c0232e54789) Importer(815301076,1909f56bfc062723c751e8b465ee728b)
Start importing Assets/Textures/PowerBarFill.png using Guid(9b5f1fe15a3bf634593b6c0232e54789) Importer(815301076,1909f56bfc062723c751e8b465ee728b)  -> (artifact id: '044d7d2e7a5fe60277a7163ce13bf102') in 0.019397 seconds
  Import took 0.022829 seconds .

========================================================================
Received Prepare
Registering precompiled user dll's ...
Registered in 0.000849 seconds.
Begin MonoManager ReloadAssembly
Native extension for WindowsStandalone target not found
Native extension for OSXStandalone target not found
Native extension for WebGL target not found
Refreshing native plugins compatible for Editor in 0.47 ms, found 0 plugins.
Preloading 0 native plugins for Editor in 0.00 ms.
Mono: successfully reloaded assembly
- Completed reload, in  0.758 seconds
Platform modules already initialized, skipping
Switching build target platform(5) subTarget(0) extendedPlatform(0) -> platform(13) subTarget(524288) extendedPlatform(0)
Refreshing native plugins compatible for Editor in 0.45 ms, found 0 plugins.
Preloading 0 native plugins for Editor in 0.00 ms.
Unloading 1977 Unused Serialized files (Serialized files now loaded: 0)
System memory in use before: 91.2 MB.
System memory in use after: 91.3 MB.

Unloading 10 unused Assets to reduce memory usage. Loaded Objects now: 2537.
Total: 1.829800 ms (FindLiveObjects: 0.210900 ms CreateObjectMapping: 0.045400 ms MarkObjects: 1.508900 ms  DeleteObjects: 0.063800 ms)

AssetImportParameters requested are different than current active one (requested -> active):
  custom:graphics/normal-map-encoding: 01000000000000000000000000000000 -> 02000000000000000000000000000000
========================================================================
Received Prepare
Registering precompiled user dll's ...
Registered in 0.000789 seconds.
Begin MonoManager ReloadAssembly
Native extension for WindowsStandalone target not found
Native extension for OSXStandalone target not found
Native extension for WebGL target not found
Refreshing native plugins compatible for Editor in 0.45 ms, found 0 plugins.
Preloading 0 native plugins for Editor in 0.00 ms.
Mono: successfully reloaded assembly
- Completed reload, in  0.744 seconds
Platform modules already initialized, skipping
Switching build target platform(5) subTarget(0) extendedPlatform(0) -> platform(13) subTarget(524288) extendedPlatform(0)
Refreshing native plugins compatible for Editor in 0.46 ms, found 0 plugins.
Preloading 0 native plugins for Editor in 0.00 ms.
Unloading 1977 Unused Serialized files (Serialized files now loaded: 0)
System memory in use before: 91.2 MB.
System memory in use after: 91.3 MB.

Unloading 6 unused Assets to reduce memory usage. Loaded Objects now: 2541.
Total: 1.825800 ms (FindLiveObjects: 0.234500 ms CreateObjectMapping: 0.045900 ms MarkObjects: 1.533600 ms  DeleteObjects: 0.011100 ms)

AssetImportParameters requested are different than current active one (requested -> active):
  custom:graphics/normal-map-encoding: 01000000000000000000000000000000 -> 02000000000000000000000000000000
========================================================================
Received Import Request.
  Time since last request: 1368.238785 seconds.
  path: Assets/Prefabs/Ball.prefab
  artifactKey: Guid(bb474148f635caf4b853f4294372ecca) Importer(815301076,1909f56bfc062723c751e8b465ee728b)
Start importing Assets/Prefabs/Ball.prefab using Guid(bb474148f635caf4b853f4294372ecca) Importer(815301076,1909f56bfc062723c751e8b465ee728b)  -> (artifact id: '96c5654f76212a25b863002d52e703c5') in 0.043362 seconds
  Import took 0.047285 seconds .

========================================================================
Received Import Request.
  Time since last request: 14.352425 seconds.
  path: Assets/Prefabs/Levels/Level1.prefab
  artifactKey: Guid(bc555ae06294ea3428db0faf6a7bfaa1) Importer(815301076,1909f56bfc062723c751e8b465ee728b)
Start importing Assets/Prefabs/Levels/Level1.prefab using Guid(bc555ae06294ea3428db0faf6a7bfaa1) Importer(815301076,1909f56bfc062723c751e8b465ee728b)  -> (artifact id: 'ff85bda418ef61c2e34f2ce41ca1251c') in 0.066214 seconds
  Import took 0.070106 seconds .

========================================================================
Received Import Request.
  Time since last request: 25.336808 seconds.
  path: Assets/Prefabs/Levels/Level1.prefab
  artifactKey: Guid(bc555ae06294ea3428db0faf6a7bfaa1) Importer(815301076,1909f56bfc062723c751e8b465ee728b)
Start importing Assets/Prefabs/Levels/Level1.prefab using Guid(bc555ae06294ea3428db0faf6a7bfaa1) Importer(815301076,1909f56bfc062723c751e8b465ee728b)  -> (artifact id: '00dd3ccf6adae591dc175f27f7d3c439') in 0.026241 seconds
  Import took 0.030153 seconds .

========================================================================
Received Prepare
Registering precompiled user dll's ...
Registered in 0.001380 seconds.
Begin MonoManager ReloadAssembly
Native extension for WindowsStandalone target not found
Native extension for OSXStandalone target not found
Native extension for WebGL target not found
Refreshing native plugins compatible for Editor in 0.46 ms, found 0 plugins.
Preloading 0 native plugins for Editor in 0.00 ms.
Mono: successfully reloaded assembly
- Completed reload, in  0.776 seconds
Platform modules already initialized, skipping
Switching build target platform(5) subTarget(0) extendedPlatform(0) -> platform(13) subTarget(524288) extendedPlatform(0)
Refreshing native plugins compatible for Editor in 0.50 ms, found 0 plugins.
Preloading 0 native plugins for Editor in 0.00 ms.
Unloading 1977 Unused Serialized files (Serialized files now loaded: 0)
System memory in use before: 91.2 MB.
System memory in use after: 91.3 MB.

Unloading 9 unused Assets to reduce memory usage. Loaded Objects now: 2546.
Total: 1.895500 ms (FindLiveObjects: 0.237500 ms CreateObjectMapping: 0.043000 ms MarkObjects: 1.549000 ms  DeleteObjects: 0.065200 ms)

AssetImportParameters requested are different than current active one (requested -> active):
  custom:graphics/normal-map-encoding: 01000000000000000000000000000000 -> 02000000000000000000000000000000
========================================================================
Received Import Request.
  Time since last request: 712.172050 seconds.
  path: Assets/Prefabs/Levels/Level1.prefab
  artifactKey: Guid(bc555ae06294ea3428db0faf6a7bfaa1) Importer(815301076,1909f56bfc062723c751e8b465ee728b)
Start importing Assets/Prefabs/Levels/Level1.prefab using Guid(bc555ae06294ea3428db0faf6a7bfaa1) Importer(815301076,1909f56bfc062723c751e8b465ee728b)  -> (artifact id: '07c97564e6cc33d2b3eb13244879a7f4') in 0.102511 seconds
  Import took 0.106423 seconds .

========================================================================
Received Import Request.
  Time since last request: 5.063280 seconds.
  path: Assets/Prefabs/Levels/Level1.prefab
  artifactKey: Guid(bc555ae06294ea3428db0faf6a7bfaa1) Importer(815301076,1909f56bfc062723c751e8b465ee728b)
Start importing Assets/Prefabs/Levels/Level1.prefab using Guid(bc555ae06294ea3428db0faf6a7bfaa1) Importer(815301076,1909f56bfc062723c751e8b465ee728b)  -> (artifact id: '135803867acb802f4eed97e9551b24eb') in 0.027028 seconds
  Import took 0.031045 seconds .

========================================================================
Received Import Request.
  Time since last request: 9.191399 seconds.
  path: Assets/Prefabs/Levels/Level1.prefab
  artifactKey: Guid(bc555ae06294ea3428db0faf6a7bfaa1) Importer(815301076,1909f56bfc062723c751e8b465ee728b)
Start importing Assets/Prefabs/Levels/Level1.prefab using Guid(bc555ae06294ea3428db0faf6a7bfaa1) Importer(815301076,1909f56bfc062723c751e8b465ee728b)  -> (artifact id: 'df39f835c349c980229287ff43ee06b0') in 0.028186 seconds
  Import took 0.032755 seconds .

========================================================================
Received Prepare
Registering precompiled user dll's ...
Registered in 0.000950 seconds.
Begin MonoManager ReloadAssembly
Native extension for WindowsStandalone target not found
Native extension for OSXStandalone target not found
Native extension for WebGL target not found
Refreshing native plugins compatible for Editor in 0.48 ms, found 0 plugins.
Preloading 0 native plugins for Editor in 0.00 ms.
Mono: successfully reloaded assembly
- Completed reload, in  0.826 seconds
Platform modules already initialized, skipping
Switching build target platform(5) subTarget(0) extendedPlatform(0) -> platform(13) subTarget(524288) extendedPlatform(0)
Refreshing native plugins compatible for Editor in 0.45 ms, found 0 plugins.
Preloading 0 native plugins for Editor in 0.00 ms.
Unloading 1977 Unused Serialized files (Serialized files now loaded: 0)
System memory in use before: 91.3 MB.
System memory in use after: 91.4 MB.

Unloading 9 unused Assets to reduce memory usage. Loaded Objects now: 2551.
Total: 1.850100 ms (FindLiveObjects: 0.214800 ms CreateObjectMapping: 0.044100 ms MarkObjects: 1.535500 ms  DeleteObjects: 0.054900 ms)

AssetImportParameters requested are different than current active one (requested -> active):
  custom:graphics/normal-map-encoding: 01000000000000000000000000000000 -> 02000000000000000000000000000000
========================================================================
Received Prepare
Registering precompiled user dll's ...
Registered in 0.000889 seconds.
Begin MonoManager ReloadAssembly
Native extension for WindowsStandalone target not found
Native extension for OSXStandalone target not found
Native extension for WebGL target not found
Refreshing native plugins compatible for Editor in 0.46 ms, found 0 plugins.
Preloading 0 native plugins for Editor in 0.00 ms.
Mono: successfully reloaded assembly
- Completed reload, in  0.788 seconds
Platform modules already initialized, skipping
Switching build target platform(5) subTarget(0) extendedPlatform(0) -> platform(13) subTarget(524288) extendedPlatform(0)
Refreshing native plugins compatible for Editor in 0.45 ms, found 0 plugins.
Preloading 0 native plugins for Editor in 0.00 ms.
Unloading 1977 Unused Serialized files (Serialized files now loaded: 0)
System memory in use before: 91.3 MB.
System memory in use after: 91.4 MB.

Unloading 6 unused Assets to reduce memory usage. Loaded Objects now: 2555.
Total: 1.806100 ms (FindLiveObjects: 0.226200 ms CreateObjectMapping: 0.044800 ms MarkObjects: 1.522800 ms  DeleteObjects: 0.011400 ms)

AssetImportParameters requested are different than current active one (requested -> active):
  custom:graphics/normal-map-encoding: 01000000000000000000000000000000 -> 02000000000000000000000000000000
========================================================================
Received Import Request.
  Time since last request: 110.381531 seconds.
  path: Assets/Prefabs/Ball.prefab
  artifactKey: Guid(bb474148f635caf4b853f4294372ecca) Importer(815301076,1909f56bfc062723c751e8b465ee728b)
Start importing Assets/Prefabs/Ball.prefab using Guid(bb474148f635caf4b853f4294372ecca) Importer(815301076,1909f56bfc062723c751e8b465ee728b)  -> (artifact id: '2be6d3b7cf53aa85bab8db7b2d970a08') in 0.044774 seconds
  Import took 0.048443 seconds .

========================================================================
Received Prepare
Registering precompiled user dll's ...
Registered in 0.000869 seconds.
Begin MonoManager ReloadAssembly
Native extension for WindowsStandalone target not found
Native extension for OSXStandalone target not found
Native extension for WebGL target not found
Refreshing native plugins compatible for Editor in 0.45 ms, found 0 plugins.
Preloading 0 native plugins for Editor in 0.00 ms.
Mono: successfully reloaded assembly
- Completed reload, in  0.772 seconds
Platform modules already initialized, skipping
Switching build target platform(5) subTarget(0) extendedPlatform(0) -> platform(13) subTarget(524288) extendedPlatform(0)
Refreshing native plugins compatible for Editor in 0.45 ms, found 0 plugins.
Preloading 0 native plugins for Editor in 0.00 ms.
Unloading 1977 Unused Serialized files (Serialized files now loaded: 0)
System memory in use before: 91.3 MB.
System memory in use after: 91.4 MB.

Unloading 8 unused Assets to reduce memory usage. Loaded Objects now: 2560.
Total: 1.836400 ms (FindLiveObjects: 0.215000 ms CreateObjectMapping: 0.044700 ms MarkObjects: 1.523500 ms  DeleteObjects: 0.052500 ms)

AssetImportParameters requested are different than current active one (requested -> active):
  custom:graphics/normal-map-encoding: 01000000000000000000000000000000 -> 02000000000000000000000000000000
========================================================================
Received Import Request.
  Time since last request: 28.990603 seconds.
  path: Assets/Prefabs/Ball.prefab
  artifactKey: Guid(bb474148f635caf4b853f4294372ecca) Importer(815301076,1909f56bfc062723c751e8b465ee728b)
Start importing Assets/Prefabs/Ball.prefab using Guid(bb474148f635caf4b853f4294372ecca) Importer(815301076,1909f56bfc062723c751e8b465ee728b)  -> (artifact id: '1588784e439be36314c183ab99adc79c') in 0.073918 seconds
  Import took 0.077308 seconds .

========================================================================
Received Import Request.
  Time since last request: 13.754554 seconds.
  path: Assets/Prefabs/Ball.prefab
  artifactKey: Guid(bb474148f635caf4b853f4294372ecca) Importer(815301076,1909f56bfc062723c751e8b465ee728b)
Start importing Assets/Prefabs/Ball.prefab using Guid(bb474148f635caf4b853f4294372ecca) Importer(815301076,1909f56bfc062723c751e8b465ee728b)  -> (artifact id: '77b6a4da70b57cd1cb8d20cc5016f75e') in 0.010791 seconds
  Import took 0.014211 seconds .

========================================================================
Received Import Request.
  Time since last request: 2.190538 seconds.
  path: Assets/Prefabs/Ball.prefab
  artifactKey: Guid(bb474148f635caf4b853f4294372ecca) Importer(815301076,1909f56bfc062723c751e8b465ee728b)
Start importing Assets/Prefabs/Ball.prefab using Guid(bb474148f635caf4b853f4294372ecca) Importer(815301076,1909f56bfc062723c751e8b465ee728b)  -> (artifact id: 'c257be6a824ab7464116e1b8046ea036') in 0.008285 seconds
  Import took 0.011607 seconds .

========================================================================
Received Prepare
Registering precompiled user dll's ...
Registered in 0.000842 seconds.
Begin MonoManager ReloadAssembly
Native extension for WindowsStandalone target not found
Native extension for OSXStandalone target not found
Native extension for WebGL target not found
Refreshing native plugins compatible for Editor in 0.46 ms, found 0 plugins.
Preloading 0 native plugins for Editor in 0.00 ms.
Mono: successfully reloaded assembly
- Completed reload, in  0.776 seconds
Platform modules already initialized, skipping
Switching build target platform(5) subTarget(0) extendedPlatform(0) -> platform(13) subTarget(524288) extendedPlatform(0)
Refreshing native plugins compatible for Editor in 0.45 ms, found 0 plugins.
Preloading 0 native plugins for Editor in 0.00 ms.
Unloading 1977 Unused Serialized files (Serialized files now loaded: 0)
System memory in use before: 91.3 MB.
System memory in use after: 91.4 MB.

Unloading 8 unused Assets to reduce memory usage. Loaded Objects now: 2565.
Total: 1.871900 ms (FindLiveObjects: 0.211300 ms CreateObjectMapping: 0.045100 ms MarkObjects: 1.564600 ms  DeleteObjects: 0.050000 ms)

AssetImportParameters requested are different than current active one (requested -> active):
  custom:graphics/normal-map-encoding: 01000000000000000000000000000000 -> 02000000000000000000000000000000
========================================================================
Received Import Request.
  Time since last request: 67.616558 seconds.
  path: Assets/Prefabs/Ball.prefab
  artifactKey: Guid(bb474148f635caf4b853f4294372ecca) Importer(815301076,1909f56bfc062723c751e8b465ee728b)
Start importing Assets/Prefabs/Ball.prefab using Guid(bb474148f635caf4b853f4294372ecca) Importer(815301076,1909f56bfc062723c751e8b465ee728b)  -> (artifact id: 'ab26cb8ee0e112cbae4c3f3b683af073') in 0.046754 seconds
  Import took 0.050200 seconds .

========================================================================
Received Import Request.
  Time since last request: 3.706382 seconds.
  path: Assets/Prefabs/Ball.prefab
  artifactKey: Guid(bb474148f635caf4b853f4294372ecca) Importer(815301076,1909f56bfc062723c751e8b465ee728b)
Start importing Assets/Prefabs/Ball.prefab using Guid(bb474148f635caf4b853f4294372ecca) Importer(815301076,1909f56bfc062723c751e8b465ee728b)  -> (artifact id: 'da5f10540090c8999e2d1ca7ef51ab4e') in 0.008311 seconds
  Import took 0.011866 seconds .

========================================================================
Received Import Request.
  Time since last request: 1.175220 seconds.
  path: Assets/Prefabs/Ball.prefab
  artifactKey: Guid(bb474148f635caf4b853f4294372ecca) Importer(815301076,1909f56bfc062723c751e8b465ee728b)
Start importing Assets/Prefabs/Ball.prefab using Guid(bb474148f635caf4b853f4294372ecca) Importer(815301076,1909f56bfc062723c751e8b465ee728b)  -> (artifact id: '1327618d8202fd874e3e96563e1f1fc1') in 0.007966 seconds
  Import took 0.011142 seconds .

========================================================================
Received Prepare
Registering precompiled user dll's ...
Registered in 0.001227 seconds.
Begin MonoManager ReloadAssembly
Native extension for WindowsStandalone target not found
Native extension for OSXStandalone target not found
Native extension for WebGL target not found
Refreshing native plugins compatible for Editor in 0.46 ms, found 0 plugins.
Preloading 0 native plugins for Editor in 0.00 ms.
Mono: successfully reloaded assembly
- Completed reload, in  0.783 seconds
Platform modules already initialized, skipping
Switching build target platform(5) subTarget(0) extendedPlatform(0) -> platform(13) subTarget(524288) extendedPlatform(0)
Refreshing native plugins compatible for Editor in 0.44 ms, found 0 plugins.
Preloading 0 native plugins for Editor in 0.00 ms.
Unloading 1977 Unused Serialized files (Serialized files now loaded: 0)
System memory in use before: 91.3 MB.
System memory in use after: 91.4 MB.

Unloading 8 unused Assets to reduce memory usage. Loaded Objects now: 2570.
Total: 1.876400 ms (FindLiveObjects: 0.223500 ms CreateObjectMapping: 0.053200 ms MarkObjects: 1.547500 ms  DeleteObjects: 0.051600 ms)

AssetImportParameters requested are different than current active one (requested -> active):
  custom:graphics/normal-map-encoding: 01000000000000000000000000000000 -> 02000000000000000000000000000000
========================================================================
Received Prepare
Registering precompiled user dll's ...
Registered in 0.000875 seconds.
Begin MonoManager ReloadAssembly
Native extension for WindowsStandalone target not found
Native extension for OSXStandalone target not found
Native extension for WebGL target not found
Refreshing native plugins compatible for Editor in 0.47 ms, found 0 plugins.
Preloading 0 native plugins for Editor in 0.00 ms.
Mono: successfully reloaded assembly
- Completed reload, in  0.792 seconds
Platform modules already initialized, skipping
Switching build target platform(5) subTarget(0) extendedPlatform(0) -> platform(13) subTarget(524288) extendedPlatform(0)
Refreshing native plugins compatible for Editor in 0.48 ms, found 0 plugins.
Preloading 0 native plugins for Editor in 0.00 ms.
Unloading 1977 Unused Serialized files (Serialized files now loaded: 0)
System memory in use before: 91.3 MB.
System memory in use after: 91.4 MB.

Unloading 6 unused Assets to reduce memory usage. Loaded Objects now: 2574.
Total: 1.869600 ms (FindLiveObjects: 0.244300 ms CreateObjectMapping: 0.046900 ms MarkObjects: 1.565600 ms  DeleteObjects: 0.012100 ms)

AssetImportParameters requested are different than current active one (requested -> active):
  custom:graphics/normal-map-encoding: 01000000000000000000000000000000 -> 02000000000000000000000000000000
========================================================================
Received Import Request.
  Time since last request: 133.677461 seconds.
  path: Assets/Prefabs/Ball.prefab
  artifactKey: Guid(bb474148f635caf4b853f4294372ecca) Importer(815301076,1909f56bfc062723c751e8b465ee728b)
Start importing Assets/Prefabs/Ball.prefab using Guid(bb474148f635caf4b853f4294372ecca) Importer(815301076,1909f56bfc062723c751e8b465ee728b)  -> (artifact id: 'f50b8fcc6b99d4bf07d50ca08d2cc09b') in 0.045238 seconds
  Import took 0.049159 seconds .

========================================================================
Received Import Request.
  Time since last request: 2.200260 seconds.
  path: Assets/Prefabs/Ball.prefab
  artifactKey: Guid(bb474148f635caf4b853f4294372ecca) Importer(815301076,1909f56bfc062723c751e8b465ee728b)
Start importing Assets/Prefabs/Ball.prefab using Guid(bb474148f635caf4b853f4294372ecca) Importer(815301076,1909f56bfc062723c751e8b465ee728b)  -> (artifact id: 'f8497f006ae9f6263674105bdd199e37') in 0.008034 seconds
  Import took 0.011364 seconds .

========================================================================
Received Import Request.
  Time since last request: 3.213903 seconds.
  path: Assets/Prefabs/Ball.prefab
  artifactKey: Guid(bb474148f635caf4b853f4294372ecca) Importer(815301076,1909f56bfc062723c751e8b465ee728b)
Start importing Assets/Prefabs/Ball.prefab using Guid(bb474148f635caf4b853f4294372ecca) Importer(815301076,1909f56bfc062723c751e8b465ee728b)  -> (artifact id: 'a83af822791ed29a730d802fad8b4cde') in 0.007829 seconds
  Import took 0.011245 seconds .

========================================================================
Received Prepare
Registering precompiled user dll's ...
Registered in 0.001072 seconds.
Begin MonoManager ReloadAssembly
Native extension for WindowsStandalone target not found
Native extension for OSXStandalone target not found
Native extension for WebGL target not found
Refreshing native plugins compatible for Editor in 0.50 ms, found 0 plugins.
Preloading 0 native plugins for Editor in 0.00 ms.
Mono: successfully reloaded assembly
- Completed reload, in  0.856 seconds
Platform modules already initialized, skipping
Switching build target platform(5) subTarget(0) extendedPlatform(0) -> platform(13) subTarget(524288) extendedPlatform(0)
Refreshing native plugins compatible for Editor in 0.50 ms, found 0 plugins.
Preloading 0 native plugins for Editor in 0.00 ms.
Unloading 1977 Unused Serialized files (Serialized files now loaded: 0)
System memory in use before: 91.3 MB.
System memory in use after: 91.4 MB.

Unloading 8 unused Assets to reduce memory usage. Loaded Objects now: 2579.
Total: 2.006200 ms (FindLiveObjects: 0.259400 ms CreateObjectMapping: 0.046300 ms MarkObjects: 1.646800 ms  DeleteObjects: 0.052900 ms)

AssetImportParameters requested are different than current active one (requested -> active):
  custom:graphics/normal-map-encoding: 01000000000000000000000000000000 -> 02000000000000000000000000000000
========================================================================
Received Prepare
Registering precompiled user dll's ...
Registered in 0.000825 seconds.
Begin MonoManager ReloadAssembly
Native extension for WindowsStandalone target not found
Native extension for OSXStandalone target not found
Native extension for WebGL target not found
Refreshing native plugins compatible for Editor in 0.69 ms, found 0 plugins.
Preloading 0 native plugins for Editor in 0.00 ms.
Mono: successfully reloaded assembly
- Completed reload, in  0.819 seconds
Platform modules already initialized, skipping
Switching build target platform(5) subTarget(0) extendedPlatform(0) -> platform(13) subTarget(524288) extendedPlatform(0)
Refreshing native plugins compatible for Editor in 0.47 ms, found 0 plugins.
Preloading 0 native plugins for Editor in 0.00 ms.
Unloading 1977 Unused Serialized files (Serialized files now loaded: 0)
System memory in use before: 91.3 MB.
System memory in use after: 91.4 MB.

Unloading 6 unused Assets to reduce memory usage. Loaded Objects now: 2583.
Total: 2.325000 ms (FindLiveObjects: 0.257900 ms CreateObjectMapping: 0.045700 ms MarkObjects: 2.000100 ms  DeleteObjects: 0.020000 ms)

AssetImportParameters requested are different than current active one (requested -> active):
  custom:graphics/normal-map-encoding: 01000000000000000000000000000000 -> 02000000000000000000000000000000
========================================================================
Received Import Request.
  Time since last request: 302.600359 seconds.
  path: Assets/Prefabs/Ball.prefab
  artifactKey: Guid(bb474148f635caf4b853f4294372ecca) Importer(815301076,1909f56bfc062723c751e8b465ee728b)
Start importing Assets/Prefabs/Ball.prefab using Guid(bb474148f635caf4b853f4294372ecca) Importer(815301076,1909f56bfc062723c751e8b465ee728b)  -> (artifact id: '11b2e5f17d5650cfa1ae664de2a6e685') in 0.049832 seconds
  Import took 0.053481 seconds .

========================================================================
Received Prepare
Registering precompiled user dll's ...
Registered in 0.000967 seconds.
Begin MonoManager ReloadAssembly
Native extension for WindowsStandalone target not found
Native extension for OSXStandalone target not found
Native extension for WebGL target not found
Refreshing native plugins compatible for Editor in 0.46 ms, found 0 plugins.
Preloading 0 native plugins for Editor in 0.00 ms.
Mono: successfully reloaded assembly
- Completed reload, in  0.852 seconds
Platform modules already initialized, skipping
Switching build target platform(5) subTarget(0) extendedPlatform(0) -> platform(13) subTarget(524288) extendedPlatform(0)
Refreshing native plugins compatible for Editor in 0.45 ms, found 0 plugins.
Preloading 0 native plugins for Editor in 0.00 ms.
Unloading 1977 Unused Serialized files (Serialized files now loaded: 0)
System memory in use before: 91.3 MB.
System memory in use after: 91.4 MB.

Unloading 9 unused Assets to reduce memory usage. Loaded Objects now: 2587.
Total: 1.912800 ms (FindLiveObjects: 0.231400 ms CreateObjectMapping: 0.045200 ms MarkObjects: 1.536500 ms  DeleteObjects: 0.098700 ms)

AssetImportParameters requested are different than current active one (requested -> active):
  custom:graphics/normal-map-encoding: 01000000000000000000000000000000 -> 02000000000000000000000000000000
========================================================================
Received Import Request.
  Time since last request: 444.244311 seconds.
  path: Assets/Prefabs/Ball.prefab
  artifactKey: Guid(bb474148f635caf4b853f4294372ecca) Importer(815301076,1909f56bfc062723c751e8b465ee728b)
Start importing Assets/Prefabs/Ball.prefab using Guid(bb474148f635caf4b853f4294372ecca) Importer(815301076,1909f56bfc062723c751e8b465ee728b)  -> (artifact id: '1281997d4fccd5f7e988c160d6f64540') in 0.056013 seconds
  Import took 0.059453 seconds .

========================================================================
Received Import Request.
  Time since last request: 1.189013 seconds.
  path: Assets/Prefabs/Ball.prefab
  artifactKey: Guid(bb474148f635caf4b853f4294372ecca) Importer(815301076,1909f56bfc062723c751e8b465ee728b)
Start importing Assets/Prefabs/Ball.prefab using Guid(bb474148f635caf4b853f4294372ecca) Importer(815301076,1909f56bfc062723c751e8b465ee728b)  -> (artifact id: '1281997d4fccd5f7e988c160d6f64540') in 0.020819 seconds
  Import took 0.024034 seconds .

========================================================================
Received Prepare
Registering precompiled user dll's ...
Registered in 0.000871 seconds.
Begin MonoManager ReloadAssembly
Native extension for WindowsStandalone target not found
Native extension for OSXStandalone target not found
Native extension for WebGL target not found
Refreshing native plugins compatible for Editor in 0.45 ms, found 0 plugins.
Preloading 0 native plugins for Editor in 0.00 ms.
Mono: successfully reloaded assembly
- Completed reload, in  0.826 seconds
Platform modules already initialized, skipping
Switching build target platform(5) subTarget(0) extendedPlatform(0) -> platform(13) subTarget(524288) extendedPlatform(0)
Refreshing native plugins compatible for Editor in 0.46 ms, found 0 plugins.
Preloading 0 native plugins for Editor in 0.00 ms.
Unloading 1978 Unused Serialized files (Serialized files now loaded: 0)
System memory in use before: 91.6 MB.
System memory in use after: 91.7 MB.

Unloading 9 unused Assets to reduce memory usage. Loaded Objects now: 2592.
Total: 1.952700 ms (FindLiveObjects: 0.220100 ms CreateObjectMapping: 0.044700 ms MarkObjects: 1.601300 ms  DeleteObjects: 0.085700 ms)

AssetImportParameters requested are different than current active one (requested -> active):
  custom:graphics/normal-map-encoding: 01000000000000000000000000000000 -> 02000000000000000000000000000000
========================================================================
Received Prepare
Registering precompiled user dll's ...
Registered in 0.000800 seconds.
Begin MonoManager ReloadAssembly
Native extension for WindowsStandalone target not found
Native extension for OSXStandalone target not found
Native extension for WebGL target not found
Refreshing native plugins compatible for Editor in 0.47 ms, found 0 plugins.
Preloading 0 native plugins for Editor in 0.00 ms.
Mono: successfully reloaded assembly
- Completed reload, in  0.843 seconds
Platform modules already initialized, skipping
Switching build target platform(5) subTarget(0) extendedPlatform(0) -> platform(13) subTarget(524288) extendedPlatform(0)
Refreshing native plugins compatible for Editor in 0.46 ms, found 0 plugins.
Preloading 0 native plugins for Editor in 0.00 ms.
Unloading 1978 Unused Serialized files (Serialized files now loaded: 0)
System memory in use before: 91.6 MB.
System memory in use after: 91.7 MB.

Unloading 7 unused Assets to reduce memory usage. Loaded Objects now: 2596.
Total: 2.180700 ms (FindLiveObjects: 0.259400 ms CreateObjectMapping: 0.045800 ms MarkObjects: 1.812800 ms  DeleteObjects: 0.061800 ms)

AssetImportParameters requested are different than current active one (requested -> active):
  custom:graphics/normal-map-encoding: 01000000000000000000000000000000 -> 02000000000000000000000000000000
========================================================================
Received Prepare
Registering precompiled user dll's ...
Registered in 0.000966 seconds.
Begin MonoManager ReloadAssembly
Native extension for WindowsStandalone target not found
Native extension for OSXStandalone target not found
Native extension for WebGL target not found
Refreshing native plugins compatible for Editor in 0.46 ms, found 0 plugins.
Preloading 0 native plugins for Editor in 0.00 ms.
Mono: successfully reloaded assembly
- Completed reload, in  0.871 seconds
Platform modules already initialized, skipping
Switching build target platform(5) subTarget(0) extendedPlatform(0) -> platform(13) subTarget(524288) extendedPlatform(0)
Refreshing native plugins compatible for Editor in 0.46 ms, found 0 plugins.
Preloading 0 native plugins for Editor in 0.00 ms.
Unloading 1978 Unused Serialized files (Serialized files now loaded: 0)
System memory in use before: 91.6 MB.
System memory in use after: 91.7 MB.

Unloading 7 unused Assets to reduce memory usage. Loaded Objects now: 2600.
Total: 2.143600 ms (FindLiveObjects: 0.262700 ms CreateObjectMapping: 0.048200 ms MarkObjects: 1.781900 ms  DeleteObjects: 0.049800 ms)

AssetImportParameters requested are different than current active one (requested -> active):
  custom:graphics/normal-map-encoding: 01000000000000000000000000000000 -> 02000000000000000000000000000000
========================================================================
Received Prepare
Registering precompiled user dll's ...
Registered in 0.000876 seconds.
Begin MonoManager ReloadAssembly
Native extension for WindowsStandalone target not found
Native extension for OSXStandalone target not found
Native extension for WebGL target not found
Refreshing native plugins compatible for Editor in 0.46 ms, found 0 plugins.
Preloading 0 native plugins for Editor in 0.00 ms.
Mono: successfully reloaded assembly
- Completed reload, in  0.915 seconds
Platform modules already initialized, skipping
Switching build target platform(5) subTarget(0) extendedPlatform(0) -> platform(13) subTarget(524288) extendedPlatform(0)
Refreshing native plugins compatible for Editor in 0.45 ms, found 0 plugins.
Preloading 0 native plugins for Editor in 0.00 ms.
Unloading 1978 Unused Serialized files (Serialized files now loaded: 0)
System memory in use before: 91.6 MB.
System memory in use after: 91.7 MB.

Unloading 7 unused Assets to reduce memory usage. Loaded Objects now: 2604.
Total: 2.056500 ms (FindLiveObjects: 0.347000 ms CreateObjectMapping: 0.051800 ms MarkObjects: 1.606600 ms  DeleteObjects: 0.049600 ms)

AssetImportParameters requested are different than current active one (requested -> active):
  custom:graphics/normal-map-encoding: 01000000000000000000000000000000 -> 02000000000000000000000000000000
========================================================================
Received Prepare
Registering precompiled user dll's ...
Registered in 0.000870 seconds.
Begin MonoManager ReloadAssembly
Native extension for WindowsStandalone target not found
Native extension for OSXStandalone target not found
Native extension for WebGL target not found
Refreshing native plugins compatible for Editor in 0.46 ms, found 0 plugins.
Preloading 0 native plugins for Editor in 0.00 ms.
Mono: successfully reloaded assembly
- Completed reload, in  0.845 seconds
Platform modules already initialized, skipping
Switching build target platform(5) subTarget(0) extendedPlatform(0) -> platform(13) subTarget(524288) extendedPlatform(0)
Refreshing native plugins compatible for Editor in 0.46 ms, found 0 plugins.
Preloading 0 native plugins for Editor in 0.00 ms.
Unloading 1978 Unused Serialized files (Serialized files now loaded: 0)
System memory in use before: 91.6 MB.
System memory in use after: 91.7 MB.

Unloading 7 unused Assets to reduce memory usage. Loaded Objects now: 2608.
Total: 1.899000 ms (FindLiveObjects: 0.247400 ms CreateObjectMapping: 0.046600 ms MarkObjects: 1.556000 ms  DeleteObjects: 0.048300 ms)

AssetImportParameters requested are different than current active one (requested -> active):
  custom:graphics/normal-map-encoding: 01000000000000000000000000000000 -> 02000000000000000000000000000000
========================================================================
Received Import Request.
  Time since last request: 578.174824 seconds.
  path: Assets/Prefabs/Ball.prefab
  artifactKey: Guid(bb474148f635caf4b853f4294372ecca) Importer(815301076,1909f56bfc062723c751e8b465ee728b)
Start importing Assets/Prefabs/Ball.prefab using Guid(bb474148f635caf4b853f4294372ecca) Importer(815301076,1909f56bfc062723c751e8b465ee728b)  -> (artifact id: 'ca21a6b49a78e345a416ebb0cf7167b3') in 0.055603 seconds
  Import took 0.059057 seconds .

========================================================================
Received Prepare
Registering precompiled user dll's ...
Registered in 0.000961 seconds.
Begin MonoManager ReloadAssembly
Native extension for WindowsStandalone target not found
Native extension for OSXStandalone target not found
Native extension for WebGL target not found
Refreshing native plugins compatible for Editor in 0.46 ms, found 0 plugins.
Preloading 0 native plugins for Editor in 0.00 ms.
Mono: successfully reloaded assembly
- Completed reload, in  0.918 seconds
Platform modules already initialized, skipping
Switching build target platform(5) subTarget(0) extendedPlatform(0) -> platform(13) subTarget(524288) extendedPlatform(0)
Refreshing native plugins compatible for Editor in 0.47 ms, found 0 plugins.
Preloading 0 native plugins for Editor in 0.00 ms.
Unloading 1978 Unused Serialized files (Serialized files now loaded: 0)
System memory in use before: 91.6 MB.
System memory in use after: 91.7 MB.

Unloading 9 unused Assets to reduce memory usage. Loaded Objects now: 2613.
Total: 2.138200 ms (FindLiveObjects: 0.288500 ms CreateObjectMapping: 0.046900 ms MarkObjects: 1.706000 ms  DeleteObjects: 0.096100 ms)

AssetImportParameters requested are different than current active one (requested -> active):
  custom:graphics/normal-map-encoding: 01000000000000000000000000000000 -> 02000000000000000000000000000000
========================================================================
Received Prepare
Registering precompiled user dll's ...
Registered in 0.000845 seconds.
Begin MonoManager ReloadAssembly
Native extension for WindowsStandalone target not found
Native extension for OSXStandalone target not found
Native extension for WebGL target not found
Refreshing native plugins compatible for Editor in 0.50 ms, found 0 plugins.
Preloading 0 native plugins for Editor in 0.00 ms.
Mono: successfully reloaded assembly
- Completed reload, in  0.861 seconds
Platform modules already initialized, skipping
Switching build target platform(5) subTarget(0) extendedPlatform(0) -> platform(13) subTarget(524288) extendedPlatform(0)
Refreshing native plugins compatible for Editor in 0.46 ms, found 0 plugins.
Preloading 0 native plugins for Editor in 0.00 ms.
Unloading 1978 Unused Serialized files (Serialized files now loaded: 0)
System memory in use before: 91.6 MB.
System memory in use after: 91.7 MB.

Unloading 7 unused Assets to reduce memory usage. Loaded Objects now: 2617.
Total: 1.860300 ms (FindLiveObjects: 0.236700 ms CreateObjectMapping: 0.046300 ms MarkObjects: 1.530200 ms  DeleteObjects: 0.046300 ms)

AssetImportParameters requested are different than current active one (requested -> active):
  custom:graphics/normal-map-encoding: 01000000000000000000000000000000 -> 02000000000000000000000000000000
========================================================================
Received Prepare
Registering precompiled user dll's ...
Registered in 0.000908 seconds.
Begin MonoManager ReloadAssembly
Native extension for WindowsStandalone target not found
Native extension for OSXStandalone target not found
Native extension for WebGL target not found
Refreshing native plugins compatible for Editor in 0.45 ms, found 0 plugins.
Preloading 0 native plugins for Editor in 0.00 ms.
Mono: successfully reloaded assembly
- Completed reload, in  0.868 seconds
Platform modules already initialized, skipping
Switching build target platform(5) subTarget(0) extendedPlatform(0) -> platform(13) subTarget(524288) extendedPlatform(0)
Refreshing native plugins compatible for Editor in 0.45 ms, found 0 plugins.
Preloading 0 native plugins for Editor in 0.00 ms.
Unloading 1978 Unused Serialized files (Serialized files now loaded: 0)
System memory in use before: 91.7 MB.
System memory in use after: 91.8 MB.

Unloading 7 unused Assets to reduce memory usage. Loaded Objects now: 2621.
Total: 1.885100 ms (FindLiveObjects: 0.235300 ms CreateObjectMapping: 0.045200 ms MarkObjects: 1.557600 ms  DeleteObjects: 0.046000 ms)

AssetImportParameters requested are different than current active one (requested -> active):
  custom:graphics/normal-map-encoding: 01000000000000000000000000000000 -> 02000000000000000000000000000000
========================================================================
Received Prepare
Registering precompiled user dll's ...
Registered in 0.001015 seconds.
Begin MonoManager ReloadAssembly
Native extension for WindowsStandalone target not found
Native extension for OSXStandalone target not found
Native extension for WebGL target not found
Refreshing native plugins compatible for Editor in 0.45 ms, found 0 plugins.
Preloading 0 native plugins for Editor in 0.00 ms.
Mono: successfully reloaded assembly
- Completed reload, in  0.874 seconds
Platform modules already initialized, skipping
Switching build target platform(5) subTarget(0) extendedPlatform(0) -> platform(13) subTarget(524288) extendedPlatform(0)
Refreshing native plugins compatible for Editor in 0.46 ms, found 0 plugins.
Preloading 0 native plugins for Editor in 0.00 ms.
Unloading 1978 Unused Serialized files (Serialized files now loaded: 0)
System memory in use before: 91.7 MB.
System memory in use after: 91.8 MB.

Unloading 7 unused Assets to reduce memory usage. Loaded Objects now: 2625.
Total: 1.908200 ms (FindLiveObjects: 0.242200 ms CreateObjectMapping: 0.046000 ms MarkObjects: 1.567000 ms  DeleteObjects: 0.052200 ms)

AssetImportParameters requested are different than current active one (requested -> active):
  custom:graphics/normal-map-encoding: 01000000000000000000000000000000 -> 02000000000000000000000000000000
========================================================================
Received Prepare
Registering precompiled user dll's ...
Registered in 0.000869 seconds.
Begin MonoManager ReloadAssembly
Native extension for WindowsStandalone target not found
Native extension for OSXStandalone target not found
Native extension for WebGL target not found
Refreshing native plugins compatible for Editor in 0.46 ms, found 0 plugins.
Preloading 0 native plugins for Editor in 0.00 ms.
Mono: successfully reloaded assembly
- Completed reload, in  0.872 seconds
Platform modules already initialized, skipping
Switching build target platform(5) subTarget(0) extendedPlatform(0) -> platform(13) subTarget(524288) extendedPlatform(0)
Refreshing native plugins compatible for Editor in 0.45 ms, found 0 plugins.
Preloading 0 native plugins for Editor in 0.00 ms.
Unloading 1978 Unused Serialized files (Serialized files now loaded: 0)
System memory in use before: 91.7 MB.
System memory in use after: 91.8 MB.

Unloading 7 unused Assets to reduce memory usage. Loaded Objects now: 2629.
Total: 2.196400 ms (FindLiveObjects: 0.250500 ms CreateObjectMapping: 0.055900 ms MarkObjects: 1.832700 ms  DeleteObjects: 0.055800 ms)

AssetImportParameters requested are different than current active one (requested -> active):
  custom:graphics/normal-map-encoding: 01000000000000000000000000000000 -> 02000000000000000000000000000000
========================================================================
Received Prepare
Registering precompiled user dll's ...
Registered in 0.000815 seconds.
Begin MonoManager ReloadAssembly
Native extension for WindowsStandalone target not found
Native extension for OSXStandalone target not found
Native extension for WebGL target not found
Refreshing native plugins compatible for Editor in 0.48 ms, found 0 plugins.
Preloading 0 native plugins for Editor in 0.00 ms.
Mono: successfully reloaded assembly
- Completed reload, in  0.904 seconds
Platform modules already initialized, skipping
Switching build target platform(5) subTarget(0) extendedPlatform(0) -> platform(13) subTarget(524288) extendedPlatform(0)
Refreshing native plugins compatible for Editor in 0.45 ms, found 0 plugins.
Preloading 0 native plugins for Editor in 0.00 ms.
Unloading 1978 Unused Serialized files (Serialized files now loaded: 0)
System memory in use before: 91.7 MB.
System memory in use after: 91.8 MB.

Unloading 7 unused Assets to reduce memory usage. Loaded Objects now: 2633.
Total: 1.888800 ms (FindLiveObjects: 0.236000 ms CreateObjectMapping: 0.045700 ms MarkObjects: 1.561100 ms  DeleteObjects: 0.045200 ms)

AssetImportParameters requested are different than current active one (requested -> active):
  custom:graphics/normal-map-encoding: 01000000000000000000000000000000 -> 02000000000000000000000000000000
========================================================================
Received Prepare
Registering precompiled user dll's ...
Registered in 0.000887 seconds.
Begin MonoManager ReloadAssembly
Native extension for WindowsStandalone target not found
Native extension for OSXStandalone target not found
Native extension for WebGL target not found
Refreshing native plugins compatible for Editor in 0.47 ms, found 0 plugins.
Preloading 0 native plugins for Editor in 0.00 ms.
Mono: successfully reloaded assembly
- Completed reload, in  0.899 seconds
Platform modules already initialized, skipping
Switching build target platform(5) subTarget(0) extendedPlatform(0) -> platform(13) subTarget(524288) extendedPlatform(0)
Refreshing native plugins compatible for Editor in 0.46 ms, found 0 plugins.
Preloading 0 native plugins for Editor in 0.00 ms.
Unloading 1978 Unused Serialized files (Serialized files now loaded: 0)
System memory in use before: 91.7 MB.
System memory in use after: 91.8 MB.

Unloading 7 unused Assets to reduce memory usage. Loaded Objects now: 2637.
Total: 2.055200 ms (FindLiveObjects: 0.274500 ms CreateObjectMapping: 0.048600 ms MarkObjects: 1.678100 ms  DeleteObjects: 0.052800 ms)

AssetImportParameters requested are different than current active one (requested -> active):
  custom:graphics/normal-map-encoding: 01000000000000000000000000000000 -> 02000000000000000000000000000000
========================================================================
Received Prepare
Registering precompiled user dll's ...
Registered in 0.000839 seconds.
Begin MonoManager ReloadAssembly
Native extension for WindowsStandalone target not found
Native extension for OSXStandalone target not found
Native extension for WebGL target not found
Refreshing native plugins compatible for Editor in 0.45 ms, found 0 plugins.
Preloading 0 native plugins for Editor in 0.00 ms.
Mono: successfully reloaded assembly
- Completed reload, in  0.886 seconds
Platform modules already initialized, skipping
Switching build target platform(5) subTarget(0) extendedPlatform(0) -> platform(13) subTarget(524288) extendedPlatform(0)
Refreshing native plugins compatible for Editor in 0.46 ms, found 0 plugins.
Preloading 0 native plugins for Editor in 0.00 ms.
Unloading 1978 Unused Serialized files (Serialized files now loaded: 0)
System memory in use before: 91.7 MB.
System memory in use after: 91.8 MB.

Unloading 7 unused Assets to reduce memory usage. Loaded Objects now: 2641.
Total: 1.983700 ms (FindLiveObjects: 0.287400 ms CreateObjectMapping: 0.046000 ms MarkObjects: 1.594500 ms  DeleteObjects: 0.054500 ms)

AssetImportParameters requested are different than current active one (requested -> active):
  custom:graphics/normal-map-encoding: 01000000000000000000000000000000 -> 02000000000000000000000000000000
========================================================================
Received Prepare
Refreshing native plugins compatible for Editor in 1.09 ms, found 0 plugins.
Preloading 0 native plugins for Editor in 0.00 ms.
Unloading 4 Unused Serialized files (Serialized files now loaded: 0)
System memory in use before: 53.0 MB.
System memory in use after: 53.1 MB.

Unloading 2 unused Assets to reduce memory usage. Loaded Objects now: 2642.
Total: 2.581100 ms (FindLiveObjects: 0.282200 ms CreateObjectMapping: 0.047700 ms MarkObjects: 2.235500 ms  DeleteObjects: 0.014700 ms)

========================================================================
Received Import Request.
  Time since last request: 2103.794024 seconds.
  path: Assets/Prefabs/Ball.prefab
  artifactKey: Guid(bb474148f635caf4b853f4294372ecca) Importer(815301076,1909f56bfc062723c751e8b465ee728b)
Start importing Assets/Prefabs/Ball.prefab using Guid(bb474148f635caf4b853f4294372ecca) Importer(815301076,1909f56bfc062723c751e8b465ee728b)  -> (artifact id: '0fd62008556e8337c36dba7f96e57cd9') in 0.057624 seconds
  Import took 0.061405 seconds .

========================================================================
Received Import Request.
  Time since last request: 3.333163 seconds.
  path: Assets/Prefabs/Ball.prefab
  artifactKey: Guid(bb474148f635caf4b853f4294372ecca) Importer(815301076,1909f56bfc062723c751e8b465ee728b)
Start importing Assets/Prefabs/Ball.prefab using Guid(bb474148f635caf4b853f4294372ecca) Importer(815301076,1909f56bfc062723c751e8b465ee728b)  -> (artifact id: 'dd9df5414ff262348a662a988bb4dd33') in 0.021387 seconds
  Import took 0.025168 seconds .

========================================================================
Received Import Request.
  Time since last request: 13.727768 seconds.
  path: Assets/Prefabs/Ball.prefab
  artifactKey: Guid(bb474148f635caf4b853f4294372ecca) Importer(815301076,1909f56bfc062723c751e8b465ee728b)
Start importing Assets/Prefabs/Ball.prefab using Guid(bb474148f635caf4b853f4294372ecca) Importer(815301076,1909f56bfc062723c751e8b465ee728b)  -> (artifact id: '42deeef0e06c8dce707a0cdfb89039dd') in 0.021869 seconds
  Import took 0.025373 seconds .

AssetImportWorkerClient::OnTransportError - code=2 error=End of file
