Using pre-set license
Built from '2020.3/staging' branch; Version is '2020.3.6f1 (338bb68529b2) revision 3378102'; Using compiler version '192528614'; Build Type 'Release'
OS: 'Windows 10 Pro; OS build 19041.1415; Version 2004; 64bit' Language: 'en' Physical Memory: 32682 MB
BatchMode: 1, IsHumanControllingUs: 0, StartBugReporterOnCrash: 0, Is64bit: 1, IsPro: 0

 COMMAND LINE ARGUMENTS:
C:\Program Files\Unity\Hub\Editor\2020.3.6f1\Editor\Unity.exe
-adb2
-batchMode
-noUpm
-name
AssetImportWorker0
-projectPath
D:/Documents/GitHub/MobileGameDev/MobileGame
-logFile
Logs/AssetImportWorker0.log
-srvPort
64914
Successfully changed project path to: D:/Documents/GitHub/MobileGameDev/MobileGame
D:/Documents/GitHub/MobileGameDev/MobileGame
Using Asset Import Pipeline V2.
Refreshing native plugins compatible for Editor in 31.79 ms, found 0 plugins.
Preloading 0 native plugins for Editor in 0.00 ms.
Initialize engine version: 2020.3.6f1 (338bb68529b2)
[Subsystems] Discovering subsystems at path C:/Program Files/Unity/Hub/Editor/2020.3.6f1/Editor/Data/Resources/UnitySubsystems
[Subsystems] Discovering subsystems at path D:/Documents/GitHub/MobileGameDev/MobileGame/Assets
GfxDevice: creating device client; threaded=0
Direct3D:
    Version:  Direct3D 11.0 [level 11.1]
    Renderer: Radeon RX 570 Series (ID=0x67df)
    Vendor:   
    VRAM:     8171 MB
    Driver:   27.20.1034.6
Initialize mono
Mono path[0] = 'C:/Program Files/Unity/Hub/Editor/2020.3.6f1/Editor/Data/Managed'
Mono path[1] = 'C:/Program Files/Unity/Hub/Editor/2020.3.6f1/Editor/Data/MonoBleedingEdge/lib/mono/unityjit'
Mono config path = 'C:/Program Files/Unity/Hub/Editor/2020.3.6f1/Editor/Data/MonoBleedingEdge/etc'
Using monoOptions --debugger-agent=transport=dt_socket,embedding=1,server=y,suspend=n,address=127.0.0.1:56476
Begin MonoManager ReloadAssembly
Registering precompiled unity dll's ...
Register platform support module: C:/Program Files/Unity/Hub/Editor/2020.3.6f1/Editor/Data/PlaybackEngines/WebGLSupport/UnityEditor.WebGL.Extensions.dll
Register platform support module: C:/Program Files/Unity/Hub/Editor/2020.3.6f1/Editor/Data/PlaybackEngines/MacStandaloneSupport/UnityEditor.OSXStandalone.Extensions.dll
Register platform support module: C:/Program Files/Unity/Hub/Editor/2020.3.6f1/Editor/Data/PlaybackEngines/WindowsStandaloneSupport/UnityEditor.WindowsStandalone.Extensions.dll
Registered in 0.002844 seconds.
Native extension for WindowsStandalone target not found
Native extension for OSXStandalone target not found
Native extension for WebGL target not found
Refreshing native plugins compatible for Editor in 31.13 ms, found 0 plugins.
Preloading 0 native plugins for Editor in 0.00 ms.
Mono: successfully reloaded assembly
- Completed reload, in  2.341 seconds
Platform modules already initialized, skipping
Registering precompiled user dll's ...
Registered in 0.000819 seconds.
Begin MonoManager ReloadAssembly
Native extension for WindowsStandalone target not found
Native extension for OSXStandalone target not found
Native extension for WebGL target not found
Refreshing native plugins compatible for Editor in 32.75 ms, found 0 plugins.
Preloading 0 native plugins for Editor in 0.00 ms.
Mono: successfully reloaded assembly
- Completed reload, in  0.819 seconds
Platform modules already initialized, skipping
========================================================================
Worker process is ready to serve import requests
Launched and connected shader compiler UnityShaderCompiler.exe after 0.04 seconds
Refreshing native plugins compatible for Editor in 0.47 ms, found 0 plugins.
Preloading 0 native plugins for Editor in 0.00 ms.
Unloading 2023 Unused Serialized files (Serialized files now loaded: 0)
System memory in use before: 92.3 MB.
System memory in use after: 92.3 MB.

Unloading 13 unused Assets to reduce memory usage. Loaded Objects now: 2467.
Total: 2.153000 ms (FindLiveObjects: 0.269800 ms CreateObjectMapping: 0.057000 ms MarkObjects: 1.711300 ms  DeleteObjects: 0.113700 ms)

========================================================================
Received Import Request.
  path: Assets/Scenes
  artifactKey: Guid(814af2df5ac65774ebd800c38e4789ad) Importer(815301076,1909f56bfc062723c751e8b465ee728b)
Start importing Assets/Scenes using Guid(814af2df5ac65774ebd800c38e4789ad) Importer(815301076,1909f56bfc062723c751e8b465ee728b)  -> (artifact id: 'a3c65cf330026b8a224a00212598fdc3') in 0.006958 seconds
  Import took 0.010116 seconds .

========================================================================
Received Import Request.
  Time since last request: 0.000322 seconds.
  path: Assets/Scenes/MainMenu.unity
  artifactKey: Guid(fa45d9c5232abcd41bd79785ca4aae58) Importer(815301076,1909f56bfc062723c751e8b465ee728b)
Start importing Assets/Scenes/MainMenu.unity using Guid(fa45d9c5232abcd41bd79785ca4aae58) Importer(815301076,1909f56bfc062723c751e8b465ee728b)  -> (artifact id: '70938526c781888a26f018dc9b7f317c') in 0.008721 seconds
  Import took 0.011638 seconds .

========================================================================
Received Import Request.
  Time since last request: 74.821147 seconds.
  path: Assets/Scripts/ARTapToPlaceObject.cs
  artifactKey: Guid(dd53c233dd6906e44b03c86abbadd366) Importer(815301076,1909f56bfc062723c751e8b465ee728b)
Start importing Assets/Scripts/ARTapToPlaceObject.cs using Guid(dd53c233dd6906e44b03c86abbadd366) Importer(815301076,1909f56bfc062723c751e8b465ee728b)  -> (artifact id: '33eb9df02cb4fd6b991b29b35a67de7f') in 0.030121 seconds
  Import took 0.033302 seconds .

========================================================================
Received Prepare
Registering precompiled user dll's ...
Registered in 0.000841 seconds.
Begin MonoManager ReloadAssembly
Native extension for WindowsStandalone target not found
Native extension for OSXStandalone target not found
Native extension for WebGL target not found
Refreshing native plugins compatible for Editor in 0.46 ms, found 0 plugins.
Preloading 0 native plugins for Editor in 0.00 ms.
Mono: successfully reloaded assembly
- Completed reload, in  0.803 seconds
Platform modules already initialized, skipping
Refreshing native plugins compatible for Editor in 0.47 ms, found 0 plugins.
Preloading 0 native plugins for Editor in 0.00 ms.
Unloading 1979 Unused Serialized files (Serialized files now loaded: 0)
System memory in use before: 88.7 MB.
System memory in use after: 88.7 MB.

Unloading 8 unused Assets to reduce memory usage. Loaded Objects now: 2471.
Total: 1.988900 ms (FindLiveObjects: 0.257300 ms CreateObjectMapping: 0.046300 ms MarkObjects: 1.584400 ms  DeleteObjects: 0.099800 ms)

========================================================================
Received Import Request.
  Time since last request: 450.170808 seconds.
  path: Assets/Scenes/ARLevel1.unity
  artifactKey: Guid(81230e0aa8023364f9f46da4d4eea680) Importer(815301076,1909f56bfc062723c751e8b465ee728b)
Start importing Assets/Scenes/ARLevel1.unity using Guid(81230e0aa8023364f9f46da4d4eea680) Importer(815301076,1909f56bfc062723c751e8b465ee728b)  -> (artifact id: '3c5071c790ad510e14a5b776fc654b8a') in 0.011257 seconds
  Import took 0.014535 seconds .

AssetImportWorkerClient::OnTransportError - code=2 error=End of file
